TN:
SF:src\app\app.component.ts
FNF:0
FNH:0
DA:10,1
DA:11,3
LF:2
LH:2
BRF:0
BRH:0
end_of_record
TN:
SF:src\app\components\timetable\create\create.component.ts
FN:18,(anonymous_0)
FN:23,(anonymous_1)
FN:35,(anonymous_2)
FN:39,(anonymous_3)
FN:50,(anonymous_4)
FN:58,(anonymous_5)
FN:61,(anonymous_6)
FNF:7
FNH:7
FNDA:5,(anonymous_0)
FNDA:4,(anonymous_1)
FNDA:1,(anonymous_2)
FNDA:1,(anonymous_3)
FNDA:3,(anonymous_4)
FNDA:2,(anonymous_5)
FNDA:2,(anonymous_6)
DA:14,1
DA:15,5
DA:16,5
DA:19,5
DA:20,5
DA:24,4
DA:25,4
DA:28,3
DA:29,1
DA:30,1
DA:34,2
DA:36,1
DA:37,1
DA:40,1
DA:41,1
DA:45,1
DA:46,1
DA:52,3
DA:53,1
DA:54,1
DA:58,2
DA:63,2
LF:22
LH:22
BRDA:28,0,0,1
BRDA:52,1,0,1
BRDA:52,2,0,3
BRDA:52,2,1,2
BRDA:64,3,0,2
BRDA:64,3,1,2
BRDA:64,3,2,2
BRDA:64,3,3,2
BRDA:64,3,4,2
BRDA:64,3,5,2
BRDA:64,3,6,2
BRDA:64,3,7,2
BRF:12
BRH:12
end_of_record
TN:
SF:src\app\components\timetable\detail\detail.component.ts
FN:25,(anonymous_0)
FN:31,(anonymous_1)
FN:32,(anonymous_2)
FN:42,(anonymous_3)
FN:46,(anonymous_4)
FN:48,(anonymous_5)
FN:54,(anonymous_6)
FN:61,(anonymous_7)
FN:64,(anonymous_8)
FN:71,(anonymous_9)
FN:78,(anonymous_10)
FN:81,(anonymous_11)
FN:95,(anonymous_12)
FN:100,(anonymous_13)
FNF:14
FNH:6
FNDA:3,(anonymous_0)
FNDA:3,(anonymous_1)
FNDA:3,(anonymous_2)
FNDA:0,(anonymous_3)
FNDA:5,(anonymous_4)
FNDA:1,(anonymous_5)
FNDA:1,(anonymous_6)
FNDA:0,(anonymous_7)
FNDA:0,(anonymous_8)
FNDA:0,(anonymous_9)
FNDA:0,(anonymous_10)
FNDA:0,(anonymous_11)
FNDA:0,(anonymous_12)
FNDA:0,(anonymous_13)
DA:17,1
DA:18,3
DA:19,3
DA:20,3
DA:21,3
DA:22,3
DA:23,3
DA:26,3
DA:27,3
DA:28,3
DA:32,3
DA:33,3
DA:34,3
DA:35,0
DA:36,0
DA:38,3
DA:43,0
DA:47,5
DA:49,1
DA:50,1
DA:51,1
DA:52,1
DA:55,1
DA:56,1
DA:62,0
DA:63,0
DA:65,0
DA:66,0
DA:67,0
DA:68,0
DA:69,0
DA:72,0
DA:73,0
DA:79,0
DA:81,0
DA:82,0
DA:84,0
DA:85,0
DA:87,0
DA:89,0
DA:92,0
DA:96,0
DA:97,0
DA:101,0
DA:102,0
DA:103,0
DA:104,0
DA:106,0
LF:48
LH:21
BRDA:34,0,0,0
BRDA:62,1,0,0
BRDA:79,2,0,0
BRDA:82,3,0,0
BRDA:82,3,1,0
BRDA:85,4,0,0
BRDA:102,5,0,0
BRDA:102,5,1,0
BRF:8
BRH:0
end_of_record
TN:
SF:src\app\components\timetable\get\get.component.ts
FN:15,(anonymous_0)
FN:17,(anonymous_1)
FN:19,(anonymous_2)
FN:22,(anonymous_3)
FN:29,(anonymous_4)
FN:36,(anonymous_5)
FN:39,(anonymous_6)
FN:46,(anonymous_7)
FN:53,(anonymous_8)
FN:56,(anonymous_9)
FN:63,(anonymous_10)
FN:70,(anonymous_11)
FN:73,(anonymous_12)
FN:80,(anonymous_13)
FN:87,(anonymous_14)
FN:90,(anonymous_15)
FN:97,(anonymous_16)
FN:101,(anonymous_17)
FN:105,(anonymous_18)
FN:109,(anonymous_19)
FNF:20
FNH:20
FNDA:11,(anonymous_0)
FNDA:2,(anonymous_1)
FNDA:1,(anonymous_2)
FNDA:1,(anonymous_3)
FNDA:2,(anonymous_4)
FNDA:1,(anonymous_5)
FNDA:1,(anonymous_6)
FNDA:2,(anonymous_7)
FNDA:1,(anonymous_8)
FNDA:1,(anonymous_9)
FNDA:2,(anonymous_10)
FNDA:1,(anonymous_11)
FNDA:1,(anonymous_12)
FNDA:2,(anonymous_13)
FNDA:1,(anonymous_14)
FNDA:1,(anonymous_15)
FNDA:8,(anonymous_16)
FNDA:4,(anonymous_17)
FNDA:2,(anonymous_18)
FNDA:2,(anonymous_19)
DA:10,1
DA:11,11
DA:12,11
DA:13,11
DA:15,11
DA:18,2
DA:20,1
DA:23,1
DA:24,1
DA:30,2
DA:31,0
DA:32,0
DA:35,2
DA:37,1
DA:40,1
DA:41,1
DA:47,2
DA:48,0
DA:49,0
DA:52,2
DA:54,1
DA:57,1
DA:58,1
DA:64,2
DA:65,0
DA:66,0
DA:69,2
DA:71,1
DA:74,1
DA:75,1
DA:81,2
DA:82,0
DA:83,0
DA:86,2
DA:88,1
DA:91,1
DA:92,1
DA:98,8
DA:102,4
DA:106,2
DA:110,2
LF:41
LH:33
BRDA:30,0,0,0
BRDA:30,1,0,2
BRDA:30,1,1,2
BRDA:47,2,0,0
BRDA:47,3,0,2
BRDA:47,3,1,2
BRDA:64,4,0,0
BRDA:64,5,0,2
BRDA:64,5,1,2
BRDA:81,6,0,0
BRDA:81,7,0,2
BRDA:81,7,1,2
BRDA:98,8,0,8
BRDA:98,8,1,8
BRDA:102,9,0,4
BRDA:102,9,1,4
BRDA:106,10,0,2
BRDA:106,10,1,2
BRDA:110,11,0,2
BRDA:110,11,1,2
BRF:20
BRH:16
end_of_record
TN:
SF:src\app\components\timetable\update\update.component.ts
FN:14,(anonymous_0)
FN:16,(anonymous_1)
FN:23,(anonymous_2)
FN:26,(anonymous_3)
FN:33,(anonymous_4)
FN:59,(anonymous_5)
FN:74,(anonymous_6)
FNF:7
FNH:3
FNDA:2,(anonymous_0)
FNDA:1,(anonymous_1)
FNDA:0,(anonymous_2)
FNDA:0,(anonymous_3)
FNDA:1,(anonymous_4)
FNDA:0,(anonymous_5)
FNDA:0,(anonymous_6)
DA:10,1
DA:11,2
DA:12,2
DA:14,2
DA:17,1
DA:18,1
DA:19,1
DA:22,0
DA:24,0
DA:27,0
DA:28,0
DA:34,1
DA:35,0
DA:36,0
DA:39,1
DA:40,0
DA:41,0
DA:44,1
DA:45,1
DA:46,1
DA:49,0
DA:50,0
DA:51,0
DA:52,0
DA:56,0
DA:60,0
DA:67,0
DA:68,0
DA:71,0
DA:75,0
DA:85,0
DA:86,0
DA:89,0
LF:33
LH:12
BRDA:17,0,0,1
BRDA:34,1,0,0
BRDA:39,2,0,0
BRDA:39,3,0,1
BRDA:39,3,1,1
BRDA:39,3,2,1
BRDA:44,4,0,1
BRDA:44,5,0,1
BRDA:44,5,1,1
BRDA:50,6,0,0
BRDA:60,7,0,0
BRDA:61,8,0,0
BRDA:61,8,1,0
BRDA:61,8,2,0
BRDA:61,8,3,0
BRDA:61,8,4,0
BRDA:75,9,0,0
BRDA:76,10,0,0
BRDA:76,10,1,0
BRDA:76,10,2,0
BRDA:76,10,3,0
BRDA:76,10,4,0
BRDA:76,10,5,0
BRDA:76,10,6,0
BRDA:76,10,7,0
BRF:25
BRH:7
end_of_record
TN:
SF:src\app\services\timetable.service.ts
FN:12,(anonymous_0)
FN:14,(anonymous_1)
FN:18,(anonymous_2)
FN:22,(anonymous_3)
FN:26,(anonymous_4)
FN:30,(anonymous_5)
FN:34,(anonymous_6)
FN:41,(anonymous_7)
FN:48,(anonymous_8)
FN:55,(anonymous_9)
FNF:10
FNH:1
FNDA:1,(anonymous_0)
FNDA:0,(anonymous_1)
FNDA:0,(anonymous_2)
FNDA:0,(anonymous_3)
FNDA:0,(anonymous_4)
FNDA:0,(anonymous_5)
FNDA:0,(anonymous_6)
FNDA:0,(anonymous_7)
FNDA:0,(anonymous_8)
FNDA:0,(anonymous_9)
DA:9,1
DA:10,1
DA:12,1
DA:15,0
DA:19,0
DA:23,0
DA:27,0
DA:31,0
DA:35,0
DA:38,0
DA:42,0
DA:45,0
DA:49,0
DA:52,0
DA:56,0
DA:59,0
LF:16
LH:3
BRF:0
BRH:0
end_of_record
